########################
logging outputs to  /Users/gautam/Desktop/workbench/fa21/cs285/hw/hw1/cs285/scripts/../../data/q1_bc_halfcheetah_HalfCheetah-v2_12-09-2021_22-42-41
########################
GPU not detected. Defaulting to CPU.
Loading expert policy from... cs285/policies/experts/HalfCheetah.pkl
obs (1, 17) (1, 17)
Done restoring expert policy...


********** Iteration 0 ************

Collecting data to be used for training...

Training agent using sampled data from replay buffer...

Beginning logging procedure...

Collecting data for eval...
Eval_AverageReturn : 4070.46923828125
Eval_StdReturn : 125.05860137939453
Eval_MaxReturn : 4394.759765625
Eval_MinReturn : 3922.8935546875
Eval_AverageEpLen : 1000.0
Train_AverageReturn : 4205.7783203125
Train_StdReturn : 83.038818359375
Train_MaxReturn : 4288.81689453125
Train_MinReturn : 4122.7392578125
Train_AverageEpLen : 1000.0
Train_EnvstepsSoFar : 0
TimeSinceStart : 13.012397050857544
Training Loss : -1105.67626953125
Initial_DataCollection_AverageReturn : 4205.7783203125
Done logging...


