########################
logging outputs to  /Users/gautam/Desktop/workbench/fa21/cs285/hw/hw1/cs285/scripts/../../data/q1_bc_halfcheetah_HalfCheetah-v2_12-09-2021_22-45-49
########################
GPU not detected. Defaulting to CPU.
Loading expert policy from... cs285/policies/experts/HalfCheetah.pkl
obs (1, 17) (1, 17)
Done restoring expert policy...


********** Iteration 0 ************

Collecting data to be used for training...

Training agent using sampled data from replay buffer...

Beginning logging procedure...

Collecting data for eval...
Eval_AverageReturn : 4073.89794921875
Eval_StdReturn : 84.7988510131836
Eval_MaxReturn : 4176.8134765625
Eval_MinReturn : 3918.731689453125
Eval_AverageEpLen : 1000.0
Train_AverageReturn : 4205.7783203125
Train_StdReturn : 83.038818359375
Train_MaxReturn : 4288.81689453125
Train_MinReturn : 4122.7392578125
Train_AverageEpLen : 1000.0
Train_EnvstepsSoFar : 0
TimeSinceStart : 47.179577112197876
Training Loss : -1214.5098876953125
Initial_DataCollection_AverageReturn : 4205.7783203125
Done logging...


